C51 COMPILER V9.54   RELAY                                                                 09/20/2018 11:05:44 PAGE 1   


C51 COMPILER V9.54, COMPILATION OF MODULE RELAY
OBJECT MODULE PLACED IN .\Output\Relay.obj
COMPILER INVOKED BY: C:\Keil_v5\C51\BIN\C51.EXE hwDriver\Relay.c OMF2 ROM(COMPACT) OPTIMIZE(8,SPEED) BROWSE INCDIR(..\Pr
                    -oj_sw_ElecMeasure;.\Usr;.\Usr_lib;.\std_Lib;.\hwDriver;.\dataTrans) DEBUG PRINT(.\Listings\Relay.lst) OBJECT(.\Output\Re
                    -lay.obj)

line level    source

   1          #include "Relay.h"
   2          
   3          #include "eeprom.h"
   4          #include "dataManage.h"
   5          #include "Tips.h"
   6          
   7          //*********************数据传输相关变量引用区*************************/
   8          extern switch_Status    swStatus_fromUsr; //上位机直接下达的开关命令
   9          
  10          //*********************定时检测进程相关变量引用区*********************/
  11          extern switch_Status    swStatus_fromTim;  //定时时刻到达时开关响应动作状态
  12          
  13          //*********************定时延时业务相关变量引用区*****************/
  14          extern u16                              delayCnt_closeLoop;
  15          extern bit                              greenModeStart_IF;
  16          
  17          /**********************本地文件变量定义区*****************************/
  18          status_ifSave                   relayStatus_ifSave              = statusSave_disable;   //开关记忆使能变量
  19          bit                                     status_Relay                    = false;
  20          
  21          /*开关初始化*/
  22          void relay_pinInit(void){
  23   1              
  24   1              u8 idata statusTemp = 0;
  25   1      
  26   1              //推挽
  27   1              P3M1    &= 0xF7;
  28   1              P3M0    |= 0x08;
  29   1              
  30   1              pinRELAY = 0;
  31   1              
  32   1              if(relayStatus_ifSave == statusSave_enable){
  33   2                      
  34   2                      EEPROM_read_n(EEPROM_ADDR_relayStatus, &statusTemp, 1);
  35   2                      status_Relay = statusTemp;
  36   2                      pinRELAY         = status_Relay;
  37   2                      
  38   2              }else{
  39   2              
  40   2                      statusTemp       = 0;
  41   2                      coverEEPROM_write_n(EEPROM_ADDR_relayStatus, &statusTemp, 1);
  42   2                      pinRELAY         = status_Relay;
  43   2              }
  44   1      }
  45          
  46          /*开关动作*/
  47          void relay_Act(rly_methodType act_Method){
  48   1              
  49   1              u8 statusTemp = 0;
  50   1              
  51   1              switch(act_Method){
  52   2              
  53   2                      case relay_flip:{
C51 COMPILER V9.54   RELAY                                                                 09/20/2018 11:05:44 PAGE 2   

  54   3                      
  55   3                              status_Relay = !status_Relay;
  56   3                              
  57   3                      }break;
  58   2                      
  59   2                      case relay_on:{
  60   3                      
  61   3                              status_Relay = actRelay_ON;
  62   3                              
  63   3                      }break;
  64   2                      
  65   2                      case relay_off:{
  66   3                      
  67   3                              status_Relay = actRelay_OFF;
  68   3      
  69   3                      }break;
  70   2              }
  71   1              
  72   1              if(status_Relay){ //seg提示灯
  73   2              
  74   2                      tipsSeg_INTFLG = 1;
  75   2                      dev_segTips = segMode_touchOpen;
  76   2                      
  77   2              }else{
  78   2              
  79   2                      dev_segTips = segMode_touchClose;
  80   2                      tipsSeg_INTFLG = 1;
  81   2              }
  82   1              
  83   1              dev_ledTips = ledMode_relayOpenIF; //led提示灯
  84   1              dev_beeps = beepsMode_Touch;
  85   1              
  86   1              pinRELAY = status_Relay;
  87   1              
  88   1              if(relayStatus_ifSave == statusSave_enable){    //开关状态记忆
  89   2              
  90   2                      statusTemp = status_Relay;
  91   2                      coverEEPROM_write_n(EEPROM_ADDR_relayStatus, &statusTemp, 1);
  92   2              }
  93   1      }
  94          
  95          /*继电器主线程*/
  96          void thread_Relay(void){
  97   1              
  98   1              switch(swStatus_fromUsr){       //上位机下达开关业务逻辑
  99   2              
 100   2                      case swStatus_on:{
 101   3                      
 102   3                              swStatus_fromUsr = swStatus_null;
 103   3                              relay_Act(relay_on);
 104   3                              
 105   3                      }break;
 106   2                      
 107   2                      case swStatus_off:{
 108   3                      
 109   3                              swStatus_fromUsr = swStatus_null;
 110   3                              relay_Act(relay_off);
 111   3                              
 112   3                      }break;
 113   2                      
 114   2                      default:break;
 115   2              }
C51 COMPILER V9.54   RELAY                                                                 09/20/2018 11:05:44 PAGE 3   

 116   1              
 117   1              switch(swStatus_fromTim){       //定时时刻表触发开关业务逻辑
 118   2              
 119   2                      case swStatus_on:{
 120   3                      
 121   3                              swStatus_fromTim = swStatus_null;
 122   3                              relay_Act(relay_on);
 123   3                              
 124   3                      }break;
 125   2                      
 126   2                      case swStatus_off:{
 127   3                      
 128   3                              swStatus_fromTim = swStatus_null;
 129   3                              relay_Act(relay_off);
 130   3                              
 131   3                      }break;
 132   2                      
 133   2                      default:break;
 134   2              }
 135   1              
 136   1              if(!greenModeStart_IF){ //绿色模式计时是否已经开启
 137   2      
 138   2                      if(status_Relay == actRelay_ON){ //开关一旦打开立刻更新绿色模式时间计数值
 139   3                      
 140   3                              greenModeStart_IF = 1;
 141   3                              delayCnt_closeLoop = 0;
 142   3                      } 
 143   2              }
 144   1      }


MODULE INFORMATION:   STATIC OVERLAYABLE
   CODE SIZE        =    211    ----
   CONSTANT SIZE    =   ----    ----
   XDATA SIZE       =   ----    ----
   PDATA SIZE       =   ----    ----
   DATA SIZE        =      1       1
   IDATA SIZE       =   ----       1
   BIT SIZE         =      1    ----
   EDATA SIZE       =   ----    ----
   HDATA SIZE       =   ----    ----
   XDATA CONST SIZE =   ----    ----
   FAR CONST SIZE   =   ----    ----
END OF MODULE INFORMATION.


C51 COMPILATION COMPLETE.  0 WARNING(S),  0 ERROR(S)
